2017/10/25 03:51:24 [error] [exception.CHttpException.404] exception 'CHttpException' with message 'Tidak bisa mengurai request "css/dtgrid/detailview/styles.css"' in C:\xampp\htdocs\siatab\yii\web\CWebApplication.php:287
Stack trace:
#0 C:\xampp\htdocs\siatab\yii\web\CWebApplication.php(142): CWebApplication->runController('css/dtgrid/deta...')
#1 C:\xampp\htdocs\siatab\yii\base\CApplication.php(162): CWebApplication->processRequest()
#2 C:\xampp\htdocs\siatab\index.php(27): CApplication->run()
#3 {main}
REQUEST_URI=/siatab/css/dtgrid/detailview/styles.css
HTTP_REFERER=http://localhost/siatab/tampungan/2
---
2017/10/25 03:51:27 [error] [exception.CHttpException.404] exception 'CHttpException' with message 'Tidak bisa mengurai request "css/dtgrid/detailview/styles.css"' in C:\xampp\htdocs\siatab\yii\web\CWebApplication.php:287
Stack trace:
#0 C:\xampp\htdocs\siatab\yii\web\CWebApplication.php(142): CWebApplication->runController('css/dtgrid/deta...')
#1 C:\xampp\htdocs\siatab\yii\base\CApplication.php(162): CWebApplication->processRequest()
#2 C:\xampp\htdocs\siatab\index.php(27): CApplication->run()
#3 {main}
REQUEST_URI=/siatab/css/dtgrid/detailview/styles.css
HTTP_REFERER=http://localhost/siatab/tampungan/2
---
2017/10/25 09:57:23 [error] [system.db.CDbCommand] CDbCommand::fetchAll() gagal: SQLSTATE[42000]: Syntax error or access violation: 1064 You have an error in your SQL syntax; check the manual that corresponds to your MariaDB server version for the right syntax to use near 'FROM t_hujan5 GROUP BY broncaptering,reservoar,pompa,rumah_pompa LIMIT 10' at line 1. Statement SQL yang dijalankan: SELECT count(id),broncaptering,reservoar,pompa,rumah_pompa, FROM t_hujan5 GROUP BY broncaptering,reservoar,pompa,rumah_pompa LIMIT 10.
2017/10/25 09:57:23 [error] [exception.CDbException] exception 'CDbException' with message 'CDbCommand gagal menjalankan statementSQL: SQLSTATE[42000]: Syntax error or access violation: 1064 You have an error in your SQL syntax; check the manual that corresponds to your MariaDB server version for the right syntax to use near 'FROM t_hujan5 GROUP BY broncaptering,reservoar,pompa,rumah_pompa LIMIT 10' at line 1. The SQL statement executed was: SELECT count(id),broncaptering,reservoar,pompa,rumah_pompa, FROM t_hujan5 GROUP BY broncaptering,reservoar,pompa,rumah_pompa LIMIT 10' in C:\xampp\htdocs\siatab\yii\db\CDbCommand.php:528
Stack trace:
#0 C:\xampp\htdocs\siatab\yii\db\CDbCommand.php(390): CDbCommand->queryInternal('fetchAll', Array, Array)
#1 C:\xampp\htdocs\siatab\yii\web\CSqlDataProvider.php(105): CDbCommand->queryAll()
#2 C:\xampp\htdocs\siatab\yii\web\CDataProvider.php(137): CSqlDataProvider->fetchData()
#3 C:\xampp\htdocs\siatab\protected\views\site\dashboard.php(80): CDataProvider->getData()
#4 C:\xampp\htdocs\siatab\yii\web\CBaseController.php(127): require('C:\\xampp\\htdocs...')
#5 C:\xampp\htdocs\siatab\yii\web\CBaseController.php(96): CBaseController->renderInternal('C:\\xampp\\htdocs...', Array, true)
#6 C:\xampp\htdocs\siatab\yii\web\CController.php(870): CBaseController->renderFile('C:\\xampp\\htdocs...', Array, true)
#7 C:\xampp\htdocs\siatab\yii\web\CController.php(783): CController->renderPartial('dashboard', Array, true)
#8 C:\xampp\htdocs\siatab\protected\controllers\SiteController.php(190): CController->render('dashboard', Array)
#9 C:\xampp\htdocs\siatab\yii\web\actions\CInlineAction.php(50): SiteController->actionDashboard()
#10 C:\xampp\htdocs\siatab\yii\web\CController.php(309): CInlineAction->runWithParams(Array)
#11 C:\xampp\htdocs\siatab\yii\web\CController.php(287): CController->runAction(Object(CInlineAction))
#12 C:\xampp\htdocs\siatab\yii\web\CController.php(266): CController->runActionWithFilters(Object(CInlineAction), Array)
#13 C:\xampp\htdocs\siatab\yii\web\CWebApplication.php(283): CController->run('dashboard')
#14 C:\xampp\htdocs\siatab\yii\web\CWebApplication.php(142): CWebApplication->runController('site/dashboard')
#15 C:\xampp\htdocs\siatab\yii\base\CApplication.php(162): CWebApplication->processRequest()
#16 C:\xampp\htdocs\siatab\index.php(27): CApplication->run()
#17 {main}
REQUEST_URI=/siatab/site/dashboard
HTTP_REFERER=http://localhost/siatab/sumur
---
2017/10/25 09:58:20 [error] [php] Undefined index: brondcaptering (C:\xampp\htdocs\siatab\protected\views\site\dashboard.php:81)
Stack trace:
#0 C:\xampp\htdocs\siatab\yii\web\CController.php(870): SiteController->renderFile()
#1 C:\xampp\htdocs\siatab\yii\web\CController.php(783): SiteController->renderPartial()
#2 C:\xampp\htdocs\siatab\protected\controllers\SiteController.php(190): SiteController->render()
#3 C:\xampp\htdocs\siatab\yii\web\actions\CInlineAction.php(50): SiteController->actionDashboard()
#4 C:\xampp\htdocs\siatab\yii\web\CController.php(309): CInlineAction->runWithParams()
#5 C:\xampp\htdocs\siatab\yii\web\CController.php(287): SiteController->runAction()
#6 C:\xampp\htdocs\siatab\yii\web\CController.php(266): SiteController->runActionWithFilters()
#7 C:\xampp\htdocs\siatab\yii\web\CWebApplication.php(283): SiteController->run()
#8 C:\xampp\htdocs\siatab\yii\web\CWebApplication.php(142): CWebApplication->runController()
#9 C:\xampp\htdocs\siatab\yii\base\CApplication.php(162): CWebApplication->processRequest()
#10 C:\xampp\htdocs\siatab\index.php(27): CWebApplication->run()
REQUEST_URI=/siatab/site/dashboard
2017/10/25 10:05:07 [error] [exception.CHttpException.404] exception 'CHttpException' with message 'Tidak bisa mengurai request "css/dtgrid/detailview/styles.css"' in C:\xampp\htdocs\siatab\yii\web\CWebApplication.php:287
Stack trace:
#0 C:\xampp\htdocs\siatab\yii\web\CWebApplication.php(142): CWebApplication->runController('css/dtgrid/deta...')
#1 C:\xampp\htdocs\siatab\yii\base\CApplication.php(162): CWebApplication->processRequest()
#2 C:\xampp\htdocs\siatab\index.php(27): CApplication->run()
#3 {main}
REQUEST_URI=/siatab/css/dtgrid/detailview/styles.css
HTTP_REFERER=http://localhost/siatab/hujan/2
---
2017/10/25 10:05:16 [warning] [application] Gagal mengeset atribut unsafe "ket_penggerak" dari kelas "KondisiMA".
2017/10/25 10:05:17 [error] [exception.CHttpException.404] exception 'CHttpException' with message 'Tidak bisa mengurai request "css/dtgrid/detailview/styles.css"' in C:\xampp\htdocs\siatab\yii\web\CWebApplication.php:287
Stack trace:
#0 C:\xampp\htdocs\siatab\yii\web\CWebApplication.php(142): CWebApplication->runController('css/dtgrid/deta...')
#1 C:\xampp\htdocs\siatab\yii\base\CApplication.php(162): CWebApplication->processRequest()
#2 C:\xampp\htdocs\siatab\index.php(27): CApplication->run()
#3 {main}
REQUEST_URI=/siatab/css/dtgrid/detailview/styles.css
HTTP_REFERER=http://localhost/siatab/mataair/2
---
2017/10/25 10:05:22 [error] [exception.CHttpException.404] exception 'CHttpException' with message 'Tidak bisa mengurai request "css/dtgrid/detailview/styles.css"' in C:\xampp\htdocs\siatab\yii\web\CWebApplication.php:287
Stack trace:
#0 C:\xampp\htdocs\siatab\yii\web\CWebApplication.php(142): CWebApplication->runController('css/dtgrid/deta...')
#1 C:\xampp\htdocs\siatab\yii\base\CApplication.php(162): CWebApplication->processRequest()
#2 C:\xampp\htdocs\siatab\index.php(27): CApplication->run()
#3 {main}
REQUEST_URI=/siatab/css/dtgrid/detailview/styles.css
HTTP_REFERER=http://localhost/siatab/mataair/2
---
2017/10/25 10:06:00 [error] [exception.CHttpException.404] exception 'CHttpException' with message 'Tidak bisa mengurai request "css/dtgrid/detailview/styles.css"' in C:\xampp\htdocs\siatab\yii\web\CWebApplication.php:287
Stack trace:
#0 C:\xampp\htdocs\siatab\yii\web\CWebApplication.php(142): CWebApplication->runController('css/dtgrid/deta...')
#1 C:\xampp\htdocs\siatab\yii\base\CApplication.php(162): CWebApplication->processRequest()
#2 C:\xampp\htdocs\siatab\index.php(27): CApplication->run()
#3 {main}
REQUEST_URI=/siatab/css/dtgrid/detailview/styles.css
HTTP_REFERER=http://localhost/siatab/hujan/2
---
2017/10/25 10:06:33 [error] [exception.CHttpException.404] exception 'CHttpException' with message 'Tidak bisa mengurai request "css/dtgrid/detailview/styles.css"' in C:\xampp\htdocs\siatab\yii\web\CWebApplication.php:287
Stack trace:
#0 C:\xampp\htdocs\siatab\yii\web\CWebApplication.php(142): CWebApplication->runController('css/dtgrid/deta...')
#1 C:\xampp\htdocs\siatab\yii\base\CApplication.php(162): CWebApplication->processRequest()
#2 C:\xampp\htdocs\siatab\index.php(27): CApplication->run()
#3 {main}
REQUEST_URI=/siatab/css/dtgrid/detailview/styles.css
HTTP_REFERER=http://localhost/siatab/hujan/2
---
2017/10/25 10:07:13 [error] [exception.CHttpException.404] exception 'CHttpException' with message 'Tidak bisa mengurai request "css/dtgrid/detailview/styles.css"' in C:\xampp\htdocs\siatab\yii\web\CWebApplication.php:287
Stack trace:
#0 C:\xampp\htdocs\siatab\yii\web\CWebApplication.php(142): CWebApplication->runController('css/dtgrid/deta...')
#1 C:\xampp\htdocs\siatab\yii\base\CApplication.php(162): CWebApplication->processRequest()
#2 C:\xampp\htdocs\siatab\index.php(27): CApplication->run()
#3 {main}
REQUEST_URI=/siatab/css/dtgrid/detailview/styles.css
HTTP_REFERER=http://localhost/siatab/hujan/2
---
2017/10/25 10:07:22 [warning] [application] Gagal mengeset atribut unsafe "ket_penggerak" dari kelas "KondisiHujan".
2017/10/25 10:07:22 [error] [exception.CHttpException.404] exception 'CHttpException' with message 'Tidak bisa mengurai request "css/dtgrid/detailview/styles.css"' in C:\xampp\htdocs\siatab\yii\web\CWebApplication.php:287
Stack trace:
#0 C:\xampp\htdocs\siatab\yii\web\CWebApplication.php(142): CWebApplication->runController('css/dtgrid/deta...')
#1 C:\xampp\htdocs\siatab\yii\base\CApplication.php(162): CWebApplication->processRequest()
#2 C:\xampp\htdocs\siatab\index.php(27): CApplication->run()
#3 {main}
REQUEST_URI=/siatab/css/dtgrid/detailview/styles.css
HTTP_REFERER=http://localhost/siatab/hujan/viewk/2
---
2017/10/25 10:09:14 [error] [exception.CHttpException.404] exception 'CHttpException' with message 'Tidak bisa mengurai request "css/dtgrid/detailview/styles.css"' in C:\xampp\htdocs\siatab\yii\web\CWebApplication.php:287
Stack trace:
#0 C:\xampp\htdocs\siatab\yii\web\CWebApplication.php(142): CWebApplication->runController('css/dtgrid/deta...')
#1 C:\xampp\htdocs\siatab\yii\base\CApplication.php(162): CWebApplication->processRequest()
#2 C:\xampp\htdocs\siatab\index.php(27): CApplication->run()
#3 {main}
REQUEST_URI=/siatab/css/dtgrid/detailview/styles.css
HTTP_REFERER=http://localhost/siatab/hujan/2
---
2017/10/25 10:10:29 [error] [php] Undefined index: broncaptering (C:\xampp\htdocs\siatab\protected\views\site\dashboard.php:79)
Stack trace:
#0 C:\xampp\htdocs\siatab\yii\web\CController.php(870): SiteController->renderFile()
#1 C:\xampp\htdocs\siatab\yii\web\CController.php(783): SiteController->renderPartial()
#2 C:\xampp\htdocs\siatab\protected\controllers\SiteController.php(190): SiteController->render()
#3 C:\xampp\htdocs\siatab\yii\web\actions\CInlineAction.php(50): SiteController->actionDashboard()
#4 C:\xampp\htdocs\siatab\yii\web\CController.php(309): CInlineAction->runWithParams()
#5 C:\xampp\htdocs\siatab\yii\web\CController.php(287): SiteController->runAction()
#6 C:\xampp\htdocs\siatab\yii\web\CController.php(266): SiteController->runActionWithFilters()
#7 C:\xampp\htdocs\siatab\yii\web\CWebApplication.php(283): SiteController->run()
#8 C:\xampp\htdocs\siatab\yii\web\CWebApplication.php(142): CWebApplication->runController()
#9 C:\xampp\htdocs\siatab\yii\base\CApplication.php(162): CWebApplication->processRequest()
#10 C:\xampp\htdocs\siatab\index.php(27): CWebApplication->run()
REQUEST_URI=/siatab/site/dashboard
2017/10/25 10:11:39 [error] [exception.CHttpException.404] exception 'CHttpException' with message 'Tidak bisa mengurai request "css/dtgrid/detailview/styles.css"' in C:\xampp\htdocs\siatab\yii\web\CWebApplication.php:287
Stack trace:
#0 C:\xampp\htdocs\siatab\yii\web\CWebApplication.php(142): CWebApplication->runController('css/dtgrid/deta...')
#1 C:\xampp\htdocs\siatab\yii\base\CApplication.php(162): CWebApplication->processRequest()
#2 C:\xampp\htdocs\siatab\index.php(27): CApplication->run()
#3 {main}
REQUEST_URI=/siatab/css/dtgrid/detailview/styles.css
HTTP_REFERER=http://localhost/siatab/hujan/1
---
2017/10/25 10:11:39 [error] [exception.CHttpException.404] exception 'CHttpException' with message 'Tidak bisa mengurai request "data/Unit Kerja/Balai Wilayah Sungai Bali Penida/Hujan/Foto/Filter Segmen Peta Berdasarkan Kondisi dari beberapa Infrastruktur.png"' in C:\xampp\htdocs\siatab\yii\web\CWebApplication.php:287
Stack trace:
#0 C:\xampp\htdocs\siatab\yii\web\CWebApplication.php(142): CWebApplication->runController('data/Unit Kerja...')
#1 C:\xampp\htdocs\siatab\yii\base\CApplication.php(162): CWebApplication->processRequest()
#2 C:\xampp\htdocs\siatab\index.php(27): CApplication->run()
#3 {main}
REQUEST_URI=/siatab/data/Unit%20Kerja/Balai%20Wilayah%20Sungai%20Bali%20Penida/Hujan/Foto/Filter%20Segmen%20Peta%20Berdasarkan%20Kondisi%20dari%20beberapa%20Infrastruktur.png
HTTP_REFERER=http://localhost/siatab/hujan/1
---
2017/10/25 10:11:39 [error] [exception.CHttpException.404] exception 'CHttpException' with message 'Tidak bisa mengurai request "data/Unit Kerja/Balai Wilayah Sungai Bali Penida/Hujan/Foto/Overlay Beberapa Peta.JPG"' in C:\xampp\htdocs\siatab\yii\web\CWebApplication.php:287
Stack trace:
#0 C:\xampp\htdocs\siatab\yii\web\CWebApplication.php(142): CWebApplication->runController('data/Unit Kerja...')
#1 C:\xampp\htdocs\siatab\yii\base\CApplication.php(162): CWebApplication->processRequest()
#2 C:\xampp\htdocs\siatab\index.php(27): CApplication->run()
#3 {main}
REQUEST_URI=/siatab/data/Unit%20Kerja/Balai%20Wilayah%20Sungai%20Bali%20Penida/Hujan/Foto/Overlay%20Beberapa%20Peta.JPG
HTTP_REFERER=http://localhost/siatab/hujan/1
---
2017/10/25 13:21:21 [error] [php] Undefined variable: model (C:\xampp\htdocs\siatab\protected\views\site\dashboard.php:64)
Stack trace:
#0 C:\xampp\htdocs\siatab\yii\web\CController.php(870): SiteController->renderFile()
#1 C:\xampp\htdocs\siatab\yii\web\CController.php(783): SiteController->renderPartial()
#2 C:\xampp\htdocs\siatab\protected\controllers\SiteController.php(190): SiteController->render()
#3 C:\xampp\htdocs\siatab\yii\web\actions\CInlineAction.php(50): SiteController->actionDashboard()
#4 C:\xampp\htdocs\siatab\yii\web\CController.php(309): CInlineAction->runWithParams()
#5 C:\xampp\htdocs\siatab\yii\web\CController.php(287): SiteController->runAction()
#6 C:\xampp\htdocs\siatab\yii\web\CController.php(266): SiteController->runActionWithFilters()
#7 C:\xampp\htdocs\siatab\yii\web\CWebApplication.php(283): SiteController->run()
#8 C:\xampp\htdocs\siatab\yii\web\CWebApplication.php(142): CWebApplication->runController()
#9 C:\xampp\htdocs\siatab\yii\base\CApplication.php(162): CWebApplication->processRequest()
#10 C:\xampp\htdocs\siatab\index.php(27): CWebApplication->run()
REQUEST_URI=/siatab/site/dashboard
2017/10/25 13:40:48 [error] [system.db.CDbCommand] CDbCommand::fetchAll() gagal: SQLSTATE[42S22]: Column not found: 1054 Unknown column 'Target_Jiwa' in 'field list'. Statement SQL yang dijalankan: SELECT count(PopulasiKabKota),Target_Jiwa,Jiwa_Terlayani FROM t_neraca_air GROUP BY 3 LIMIT 10.
2017/10/25 13:40:48 [error] [exception.CDbException] exception 'CDbException' with message 'CDbCommand gagal menjalankan statementSQL: SQLSTATE[42S22]: Column not found: 1054 Unknown column 'Target_Jiwa' in 'field list'. The SQL statement executed was: SELECT count(PopulasiKabKota),Target_Jiwa,Jiwa_Terlayani FROM t_neraca_air GROUP BY 3 LIMIT 10' in C:\xampp\htdocs\siatab\yii\db\CDbCommand.php:528
Stack trace:
#0 C:\xampp\htdocs\siatab\yii\db\CDbCommand.php(390): CDbCommand->queryInternal('fetchAll', Array, Array)
#1 C:\xampp\htdocs\siatab\yii\web\CSqlDataProvider.php(105): CDbCommand->queryAll()
#2 C:\xampp\htdocs\siatab\yii\web\CDataProvider.php(137): CSqlDataProvider->fetchData()
#3 C:\xampp\htdocs\siatab\protected\views\site\dashboard.php(28): CDataProvider->getData()
#4 C:\xampp\htdocs\siatab\yii\web\CBaseController.php(127): require('C:\\xampp\\htdocs...')
#5 C:\xampp\htdocs\siatab\yii\web\CBaseController.php(96): CBaseController->renderInternal('C:\\xampp\\htdocs...', Array, true)
#6 C:\xampp\htdocs\siatab\yii\web\CController.php(870): CBaseController->renderFile('C:\\xampp\\htdocs...', Array, true)
#7 C:\xampp\htdocs\siatab\yii\web\CController.php(783): CController->renderPartial('dashboard', Array, true)
#8 C:\xampp\htdocs\siatab\protected\controllers\SiteController.php(194): CController->render('dashboard', Array)
#9 C:\xampp\htdocs\siatab\yii\web\actions\CInlineAction.php(50): SiteController->actionDashboard()
#10 C:\xampp\htdocs\siatab\yii\web\CController.php(309): CInlineAction->runWithParams(Array)
#11 C:\xampp\htdocs\siatab\yii\web\CController.php(287): CController->runAction(Object(CInlineAction))
#12 C:\xampp\htdocs\siatab\yii\web\CController.php(266): CController->runActionWithFilters(Object(CInlineAction), Array)
#13 C:\xampp\htdocs\siatab\yii\web\CWebApplication.php(283): CController->run('dashboard')
#14 C:\xampp\htdocs\siatab\yii\web\CWebApplication.php(142): CWebApplication->runController('site/dashboard')
#15 C:\xampp\htdocs\siatab\yii\base\CApplication.php(162): CWebApplication->processRequest()
#16 C:\xampp\htdocs\siatab\index.php(27): CApplication->run()
#17 {main}
REQUEST_URI=/siatab/site/dashboard
HTTP_REFERER=http://localhost/siatab/sumur/tambah
---
2017/10/25 13:41:21 [error] [system.db.CDbCommand] CDbCommand::fetchAll() gagal: SQLSTATE[42S22]: Column not found: 1054 Unknown column 'Target_Jiwa' in 'field list'. Statement SQL yang dijalankan: SELECT count(PopulasiKabKota),Target_Jiwa,Jiwa_Terlayani FROM t_neraca_air GROUP BY PopulasiKabKota LIMIT 10.
2017/10/25 13:41:21 [error] [exception.CDbException] exception 'CDbException' with message 'CDbCommand gagal menjalankan statementSQL: SQLSTATE[42S22]: Column not found: 1054 Unknown column 'Target_Jiwa' in 'field list'. The SQL statement executed was: SELECT count(PopulasiKabKota),Target_Jiwa,Jiwa_Terlayani FROM t_neraca_air GROUP BY PopulasiKabKota LIMIT 10' in C:\xampp\htdocs\siatab\yii\db\CDbCommand.php:528
Stack trace:
#0 C:\xampp\htdocs\siatab\yii\db\CDbCommand.php(390): CDbCommand->queryInternal('fetchAll', Array, Array)
#1 C:\xampp\htdocs\siatab\yii\web\CSqlDataProvider.php(105): CDbCommand->queryAll()
#2 C:\xampp\htdocs\siatab\yii\web\CDataProvider.php(137): CSqlDataProvider->fetchData()
#3 C:\xampp\htdocs\siatab\protected\views\site\dashboard.php(28): CDataProvider->getData()
#4 C:\xampp\htdocs\siatab\yii\web\CBaseController.php(127): require('C:\\xampp\\htdocs...')
#5 C:\xampp\htdocs\siatab\yii\web\CBaseController.php(96): CBaseController->renderInternal('C:\\xampp\\htdocs...', Array, true)
#6 C:\xampp\htdocs\siatab\yii\web\CController.php(870): CBaseController->renderFile('C:\\xampp\\htdocs...', Array, true)
#7 C:\xampp\htdocs\siatab\yii\web\CController.php(783): CController->renderPartial('dashboard', Array, true)
#8 C:\xampp\htdocs\siatab\protected\controllers\SiteController.php(194): CController->render('dashboard', Array)
#9 C:\xampp\htdocs\siatab\yii\web\actions\CInlineAction.php(50): SiteController->actionDashboard()
#10 C:\xampp\htdocs\siatab\yii\web\CController.php(309): CInlineAction->runWithParams(Array)
#11 C:\xampp\htdocs\siatab\yii\web\CController.php(287): CController->runAction(Object(CInlineAction))
#12 C:\xampp\htdocs\siatab\yii\web\CController.php(266): CController->runActionWithFilters(Object(CInlineAction), Array)
#13 C:\xampp\htdocs\siatab\yii\web\CWebApplication.php(283): CController->run('dashboard')
#14 C:\xampp\htdocs\siatab\yii\web\CWebApplication.php(142): CWebApplication->runController('site/dashboard')
#15 C:\xampp\htdocs\siatab\yii\base\CApplication.php(162): CWebApplication->processRequest()
#16 C:\xampp\htdocs\siatab\index.php(27): CApplication->run()
#17 {main}
REQUEST_URI=/siatab/site/dashboard
HTTP_REFERER=http://localhost/siatab/sumur/tambah
---
2017/10/25 13:42:41 [error] [system.db.CDbCommand] CDbCommand::fetchAll() gagal: SQLSTATE[42S22]: Column not found: 1054 Unknown column 'Target_Jiwa' in 'field list'. Statement SQL yang dijalankan: SELECT count(id),Target_Jiwa,Jiwa_Terlayani FROM t_neraca_air GROUP BY PopulasiKabKota LIMIT 10.
2017/10/25 13:42:41 [error] [exception.CDbException] exception 'CDbException' with message 'CDbCommand gagal menjalankan statementSQL: SQLSTATE[42S22]: Column not found: 1054 Unknown column 'Target_Jiwa' in 'field list'. The SQL statement executed was: SELECT count(id),Target_Jiwa,Jiwa_Terlayani FROM t_neraca_air GROUP BY PopulasiKabKota LIMIT 10' in C:\xampp\htdocs\siatab\yii\db\CDbCommand.php:528
Stack trace:
#0 C:\xampp\htdocs\siatab\yii\db\CDbCommand.php(390): CDbCommand->queryInternal('fetchAll', Array, Array)
#1 C:\xampp\htdocs\siatab\yii\web\CSqlDataProvider.php(105): CDbCommand->queryAll()
#2 C:\xampp\htdocs\siatab\yii\web\CDataProvider.php(137): CSqlDataProvider->fetchData()
#3 C:\xampp\htdocs\siatab\protected\views\site\dashboard.php(28): CDataProvider->getData()
#4 C:\xampp\htdocs\siatab\yii\web\CBaseController.php(127): require('C:\\xampp\\htdocs...')
#5 C:\xampp\htdocs\siatab\yii\web\CBaseController.php(96): CBaseController->renderInternal('C:\\xampp\\htdocs...', Array, true)
#6 C:\xampp\htdocs\siatab\yii\web\CController.php(870): CBaseController->renderFile('C:\\xampp\\htdocs...', Array, true)
#7 C:\xampp\htdocs\siatab\yii\web\CController.php(783): CController->renderPartial('dashboard', Array, true)
#8 C:\xampp\htdocs\siatab\protected\controllers\SiteController.php(194): CController->render('dashboard', Array)
#9 C:\xampp\htdocs\siatab\yii\web\actions\CInlineAction.php(50): SiteController->actionDashboard()
#10 C:\xampp\htdocs\siatab\yii\web\CController.php(309): CInlineAction->runWithParams(Array)
#11 C:\xampp\htdocs\siatab\yii\web\CController.php(287): CController->runAction(Object(CInlineAction))
#12 C:\xampp\htdocs\siatab\yii\web\CController.php(266): CController->runActionWithFilters(Object(CInlineAction), Array)
#13 C:\xampp\htdocs\siatab\yii\web\CWebApplication.php(283): CController->run('dashboard')
#14 C:\xampp\htdocs\siatab\yii\web\CWebApplication.php(142): CWebApplication->runController('site/dashboard')
#15 C:\xampp\htdocs\siatab\yii\base\CApplication.php(162): CWebApplication->processRequest()
#16 C:\xampp\htdocs\siatab\index.php(27): CApplication->run()
#17 {main}
REQUEST_URI=/siatab/site/dashboard
HTTP_REFERER=http://localhost/siatab/sumur/tambah
---
2017/10/25 13:42:42 [error] [system.db.CDbCommand] CDbCommand::fetchAll() gagal: SQLSTATE[42S22]: Column not found: 1054 Unknown column 'Target_Jiwa' in 'field list'. Statement SQL yang dijalankan: SELECT count(id),Target_Jiwa,Jiwa_Terlayani FROM t_neraca_air GROUP BY PopulasiKabKota LIMIT 10.
2017/10/25 13:42:42 [error] [exception.CDbException] exception 'CDbException' with message 'CDbCommand gagal menjalankan statementSQL: SQLSTATE[42S22]: Column not found: 1054 Unknown column 'Target_Jiwa' in 'field list'. The SQL statement executed was: SELECT count(id),Target_Jiwa,Jiwa_Terlayani FROM t_neraca_air GROUP BY PopulasiKabKota LIMIT 10' in C:\xampp\htdocs\siatab\yii\db\CDbCommand.php:528
Stack trace:
#0 C:\xampp\htdocs\siatab\yii\db\CDbCommand.php(390): CDbCommand->queryInternal('fetchAll', Array, Array)
#1 C:\xampp\htdocs\siatab\yii\web\CSqlDataProvider.php(105): CDbCommand->queryAll()
#2 C:\xampp\htdocs\siatab\yii\web\CDataProvider.php(137): CSqlDataProvider->fetchData()
#3 C:\xampp\htdocs\siatab\protected\views\site\dashboard.php(28): CDataProvider->getData()
#4 C:\xampp\htdocs\siatab\yii\web\CBaseController.php(127): require('C:\\xampp\\htdocs...')
#5 C:\xampp\htdocs\siatab\yii\web\CBaseController.php(96): CBaseController->renderInternal('C:\\xampp\\htdocs...', Array, true)
#6 C:\xampp\htdocs\siatab\yii\web\CController.php(870): CBaseController->renderFile('C:\\xampp\\htdocs...', Array, true)
#7 C:\xampp\htdocs\siatab\yii\web\CController.php(783): CController->renderPartial('dashboard', Array, true)
#8 C:\xampp\htdocs\siatab\protected\controllers\SiteController.php(194): CController->render('dashboard', Array)
#9 C:\xampp\htdocs\siatab\yii\web\actions\CInlineAction.php(50): SiteController->actionDashboard()
#10 C:\xampp\htdocs\siatab\yii\web\CController.php(309): CInlineAction->runWithParams(Array)
#11 C:\xampp\htdocs\siatab\yii\web\CController.php(287): CController->runAction(Object(CInlineAction))
#12 C:\xampp\htdocs\siatab\yii\web\CController.php(266): CController->runActionWithFilters(Object(CInlineAction), Array)
#13 C:\xampp\htdocs\siatab\yii\web\CWebApplication.php(283): CController->run('dashboard')
#14 C:\xampp\htdocs\siatab\yii\web\CWebApplication.php(142): CWebApplication->runController('site/dashboard')
#15 C:\xampp\htdocs\siatab\yii\base\CApplication.php(162): CWebApplication->processRequest()
#16 C:\xampp\htdocs\siatab\index.php(27): CApplication->run()
#17 {main}
REQUEST_URI=/siatab/site/dashboard
HTTP_REFERER=http://localhost/siatab/sumur/tambah
---
2017/10/25 13:43:10 [error] [system.db.CDbCommand] CDbCommand::fetchAll() gagal: SQLSTATE[42S22]: Column not found: 1054 Unknown column 'Target_Jiwa' in 'field list'. Statement SQL yang dijalankan: SELECT count(id),Target_Jiwa,Jiwa_Terlayani FROM t_neraca_air GROUP BY id LIMIT 10.
2017/10/25 13:43:10 [error] [exception.CDbException] exception 'CDbException' with message 'CDbCommand gagal menjalankan statementSQL: SQLSTATE[42S22]: Column not found: 1054 Unknown column 'Target_Jiwa' in 'field list'. The SQL statement executed was: SELECT count(id),Target_Jiwa,Jiwa_Terlayani FROM t_neraca_air GROUP BY id LIMIT 10' in C:\xampp\htdocs\siatab\yii\db\CDbCommand.php:528
Stack trace:
#0 C:\xampp\htdocs\siatab\yii\db\CDbCommand.php(390): CDbCommand->queryInternal('fetchAll', Array, Array)
#1 C:\xampp\htdocs\siatab\yii\web\CSqlDataProvider.php(105): CDbCommand->queryAll()
#2 C:\xampp\htdocs\siatab\yii\web\CDataProvider.php(137): CSqlDataProvider->fetchData()
#3 C:\xampp\htdocs\siatab\protected\views\site\dashboard.php(28): CDataProvider->getData()
#4 C:\xampp\htdocs\siatab\yii\web\CBaseController.php(127): require('C:\\xampp\\htdocs...')
#5 C:\xampp\htdocs\siatab\yii\web\CBaseController.php(96): CBaseController->renderInternal('C:\\xampp\\htdocs...', Array, true)
#6 C:\xampp\htdocs\siatab\yii\web\CController.php(870): CBaseController->renderFile('C:\\xampp\\htdocs...', Array, true)
#7 C:\xampp\htdocs\siatab\yii\web\CController.php(783): CController->renderPartial('dashboard', Array, true)
#8 C:\xampp\htdocs\siatab\protected\controllers\SiteController.php(194): CController->render('dashboard', Array)
#9 C:\xampp\htdocs\siatab\yii\web\actions\CInlineAction.php(50): SiteController->actionDashboard()
#10 C:\xampp\htdocs\siatab\yii\web\CController.php(309): CInlineAction->runWithParams(Array)
#11 C:\xampp\htdocs\siatab\yii\web\CController.php(287): CController->runAction(Object(CInlineAction))
#12 C:\xampp\htdocs\siatab\yii\web\CController.php(266): CController->runActionWithFilters(Object(CInlineAction), Array)
#13 C:\xampp\htdocs\siatab\yii\web\CWebApplication.php(283): CController->run('dashboard')
#14 C:\xampp\htdocs\siatab\yii\web\CWebApplication.php(142): CWebApplication->runController('site/dashboard')
#15 C:\xampp\htdocs\siatab\yii\base\CApplication.php(162): CWebApplication->processRequest()
#16 C:\xampp\htdocs\siatab\index.php(27): CApplication->run()
#17 {main}
REQUEST_URI=/siatab/site/dashboard
HTTP_REFERER=http://localhost/siatab/sumur/tambah
---
2017/10/25 13:43:11 [error] [system.db.CDbCommand] CDbCommand::fetchAll() gagal: SQLSTATE[42S22]: Column not found: 1054 Unknown column 'Target_Jiwa' in 'field list'. Statement SQL yang dijalankan: SELECT count(id),Target_Jiwa,Jiwa_Terlayani FROM t_neraca_air GROUP BY id LIMIT 10.
2017/10/25 13:43:11 [error] [exception.CDbException] exception 'CDbException' with message 'CDbCommand gagal menjalankan statementSQL: SQLSTATE[42S22]: Column not found: 1054 Unknown column 'Target_Jiwa' in 'field list'. The SQL statement executed was: SELECT count(id),Target_Jiwa,Jiwa_Terlayani FROM t_neraca_air GROUP BY id LIMIT 10' in C:\xampp\htdocs\siatab\yii\db\CDbCommand.php:528
Stack trace:
#0 C:\xampp\htdocs\siatab\yii\db\CDbCommand.php(390): CDbCommand->queryInternal('fetchAll', Array, Array)
#1 C:\xampp\htdocs\siatab\yii\web\CSqlDataProvider.php(105): CDbCommand->queryAll()
#2 C:\xampp\htdocs\siatab\yii\web\CDataProvider.php(137): CSqlDataProvider->fetchData()
#3 C:\xampp\htdocs\siatab\protected\views\site\dashboard.php(28): CDataProvider->getData()
#4 C:\xampp\htdocs\siatab\yii\web\CBaseController.php(127): require('C:\\xampp\\htdocs...')
#5 C:\xampp\htdocs\siatab\yii\web\CBaseController.php(96): CBaseController->renderInternal('C:\\xampp\\htdocs...', Array, true)
#6 C:\xampp\htdocs\siatab\yii\web\CController.php(870): CBaseController->renderFile('C:\\xampp\\htdocs...', Array, true)
#7 C:\xampp\htdocs\siatab\yii\web\CController.php(783): CController->renderPartial('dashboard', Array, true)
#8 C:\xampp\htdocs\siatab\protected\controllers\SiteController.php(194): CController->render('dashboard', Array)
#9 C:\xampp\htdocs\siatab\yii\web\actions\CInlineAction.php(50): SiteController->actionDashboard()
#10 C:\xampp\htdocs\siatab\yii\web\CController.php(309): CInlineAction->runWithParams(Array)
#11 C:\xampp\htdocs\siatab\yii\web\CController.php(287): CController->runAction(Object(CInlineAction))
#12 C:\xampp\htdocs\siatab\yii\web\CController.php(266): CController->runActionWithFilters(Object(CInlineAction), Array)
#13 C:\xampp\htdocs\siatab\yii\web\CWebApplication.php(283): CController->run('dashboard')
#14 C:\xampp\htdocs\siatab\yii\web\CWebApplication.php(142): CWebApplication->runController('site/dashboard')
#15 C:\xampp\htdocs\siatab\yii\base\CApplication.php(162): CWebApplication->processRequest()
#16 C:\xampp\htdocs\siatab\index.php(27): CApplication->run()
#17 {main}
REQUEST_URI=/siatab/site/dashboard
HTTP_REFERER=http://localhost/siatab/sumur/tambah
---
2017/10/25 13:43:11 [error] [system.db.CDbCommand] CDbCommand::fetchAll() gagal: SQLSTATE[42S22]: Column not found: 1054 Unknown column 'Target_Jiwa' in 'field list'. Statement SQL yang dijalankan: SELECT count(id),Target_Jiwa,Jiwa_Terlayani FROM t_neraca_air GROUP BY id LIMIT 10.
2017/10/25 13:43:11 [error] [exception.CDbException] exception 'CDbException' with message 'CDbCommand gagal menjalankan statementSQL: SQLSTATE[42S22]: Column not found: 1054 Unknown column 'Target_Jiwa' in 'field list'. The SQL statement executed was: SELECT count(id),Target_Jiwa,Jiwa_Terlayani FROM t_neraca_air GROUP BY id LIMIT 10' in C:\xampp\htdocs\siatab\yii\db\CDbCommand.php:528
Stack trace:
#0 C:\xampp\htdocs\siatab\yii\db\CDbCommand.php(390): CDbCommand->queryInternal('fetchAll', Array, Array)
#1 C:\xampp\htdocs\siatab\yii\web\CSqlDataProvider.php(105): CDbCommand->queryAll()
#2 C:\xampp\htdocs\siatab\yii\web\CDataProvider.php(137): CSqlDataProvider->fetchData()
#3 C:\xampp\htdocs\siatab\protected\views\site\dashboard.php(28): CDataProvider->getData()
#4 C:\xampp\htdocs\siatab\yii\web\CBaseController.php(127): require('C:\\xampp\\htdocs...')
#5 C:\xampp\htdocs\siatab\yii\web\CBaseController.php(96): CBaseController->renderInternal('C:\\xampp\\htdocs...', Array, true)
#6 C:\xampp\htdocs\siatab\yii\web\CController.php(870): CBaseController->renderFile('C:\\xampp\\htdocs...', Array, true)
#7 C:\xampp\htdocs\siatab\yii\web\CController.php(783): CController->renderPartial('dashboard', Array, true)
#8 C:\xampp\htdocs\siatab\protected\controllers\SiteController.php(194): CController->render('dashboard', Array)
#9 C:\xampp\htdocs\siatab\yii\web\actions\CInlineAction.php(50): SiteController->actionDashboard()
#10 C:\xampp\htdocs\siatab\yii\web\CController.php(309): CInlineAction->runWithParams(Array)
#11 C:\xampp\htdocs\siatab\yii\web\CController.php(287): CController->runAction(Object(CInlineAction))
#12 C:\xampp\htdocs\siatab\yii\web\CController.php(266): CController->runActionWithFilters(Object(CInlineAction), Array)
#13 C:\xampp\htdocs\siatab\yii\web\CWebApplication.php(283): CController->run('dashboard')
#14 C:\xampp\htdocs\siatab\yii\web\CWebApplication.php(142): CWebApplication->runController('site/dashboard')
#15 C:\xampp\htdocs\siatab\yii\base\CApplication.php(162): CWebApplication->processRequest()
#16 C:\xampp\htdocs\siatab\index.php(27): CApplication->run()
#17 {main}
REQUEST_URI=/siatab/site/dashboard
HTTP_REFERER=http://localhost/siatab/sumur/tambah
---
2017/10/25 13:47:50 [error] [system.db.CDbCommand] CDbCommand::fetchAll() gagal: SQLSTATE[42S22]: Column not found: 1054 Unknown column 'Target_Jiwa' in 'field list'. Statement SQL yang dijalankan: SELECT count(id),Target_Jiwa,Jiwa_Terlayani FROM t_neraca_air GROUP BY JTOL LIMIT 10.
2017/10/25 13:47:50 [error] [exception.CDbException] exception 'CDbException' with message 'CDbCommand gagal menjalankan statementSQL: SQLSTATE[42S22]: Column not found: 1054 Unknown column 'Target_Jiwa' in 'field list'. The SQL statement executed was: SELECT count(id),Target_Jiwa,Jiwa_Terlayani FROM t_neraca_air GROUP BY JTOL LIMIT 10' in C:\xampp\htdocs\siatab\yii\db\CDbCommand.php:528
Stack trace:
#0 C:\xampp\htdocs\siatab\yii\db\CDbCommand.php(390): CDbCommand->queryInternal('fetchAll', Array, Array)
#1 C:\xampp\htdocs\siatab\yii\web\CSqlDataProvider.php(105): CDbCommand->queryAll()
#2 C:\xampp\htdocs\siatab\yii\web\CDataProvider.php(137): CSqlDataProvider->fetchData()
#3 C:\xampp\htdocs\siatab\protected\views\site\dashboard.php(28): CDataProvider->getData()
#4 C:\xampp\htdocs\siatab\yii\web\CBaseController.php(127): require('C:\\xampp\\htdocs...')
#5 C:\xampp\htdocs\siatab\yii\web\CBaseController.php(96): CBaseController->renderInternal('C:\\xampp\\htdocs...', Array, true)
#6 C:\xampp\htdocs\siatab\yii\web\CController.php(870): CBaseController->renderFile('C:\\xampp\\htdocs...', Array, true)
#7 C:\xampp\htdocs\siatab\yii\web\CController.php(783): CController->renderPartial('dashboard', Array, true)
#8 C:\xampp\htdocs\siatab\protected\controllers\SiteController.php(194): CController->render('dashboard', Array)
#9 C:\xampp\htdocs\siatab\yii\web\actions\CInlineAction.php(50): SiteController->actionDashboard()
#10 C:\xampp\htdocs\siatab\yii\web\CController.php(309): CInlineAction->runWithParams(Array)
#11 C:\xampp\htdocs\siatab\yii\web\CController.php(287): CController->runAction(Object(CInlineAction))
#12 C:\xampp\htdocs\siatab\yii\web\CController.php(266): CController->runActionWithFilters(Object(CInlineAction), Array)
#13 C:\xampp\htdocs\siatab\yii\web\CWebApplication.php(283): CController->run('dashboard')
#14 C:\xampp\htdocs\siatab\yii\web\CWebApplication.php(142): CWebApplication->runController('site/dashboard')
#15 C:\xampp\htdocs\siatab\yii\base\CApplication.php(162): CWebApplication->processRequest()
#16 C:\xampp\htdocs\siatab\index.php(27): CApplication->run()
#17 {main}
REQUEST_URI=/siatab/site/dashboard
HTTP_REFERER=http://localhost/siatab/sumur/tambah
---
2017/10/25 13:52:13 [error] [system.db.CDbCommand] CDbCommand::fetchAll() gagal: SQLSTATE[42S22]: Column not found: 1054 Unknown column 'Target_Jiwa' in 'field list'. Statement SQL yang dijalankan: SELECT count(id),(Target_Jiwa%PopulasiKabKota),(Jiwa_Terlayani%PolupalisKabKota) FROM t_neraca_air GROUP BY JTOL LIMIT 10.
2017/10/25 13:52:13 [error] [exception.CDbException] exception 'CDbException' with message 'CDbCommand gagal menjalankan statementSQL: SQLSTATE[42S22]: Column not found: 1054 Unknown column 'Target_Jiwa' in 'field list'. The SQL statement executed was: SELECT count(id),(Target_Jiwa%PopulasiKabKota),(Jiwa_Terlayani%PolupalisKabKota) FROM t_neraca_air GROUP BY JTOL LIMIT 10' in C:\xampp\htdocs\siatab\yii\db\CDbCommand.php:528
Stack trace:
#0 C:\xampp\htdocs\siatab\yii\db\CDbCommand.php(390): CDbCommand->queryInternal('fetchAll', Array, Array)
#1 C:\xampp\htdocs\siatab\yii\web\CSqlDataProvider.php(105): CDbCommand->queryAll()
#2 C:\xampp\htdocs\siatab\yii\web\CDataProvider.php(137): CSqlDataProvider->fetchData()
#3 C:\xampp\htdocs\siatab\protected\views\site\dashboard.php(28): CDataProvider->getData()
#4 C:\xampp\htdocs\siatab\yii\web\CBaseController.php(127): require('C:\\xampp\\htdocs...')
#5 C:\xampp\htdocs\siatab\yii\web\CBaseController.php(96): CBaseController->renderInternal('C:\\xampp\\htdocs...', Array, true)
#6 C:\xampp\htdocs\siatab\yii\web\CController.php(870): CBaseController->renderFile('C:\\xampp\\htdocs...', Array, true)
#7 C:\xampp\htdocs\siatab\yii\web\CController.php(783): CController->renderPartial('dashboard', Array, true)
#8 C:\xampp\htdocs\siatab\protected\controllers\SiteController.php(194): CController->render('dashboard', Array)
#9 C:\xampp\htdocs\siatab\yii\web\actions\CInlineAction.php(50): SiteController->actionDashboard()
#10 C:\xampp\htdocs\siatab\yii\web\CController.php(309): CInlineAction->runWithParams(Array)
#11 C:\xampp\htdocs\siatab\yii\web\CController.php(287): CController->runAction(Object(CInlineAction))
#12 C:\xampp\htdocs\siatab\yii\web\CController.php(266): CController->runActionWithFilters(Object(CInlineAction), Array)
#13 C:\xampp\htdocs\siatab\yii\web\CWebApplication.php(283): CController->run('dashboard')
#14 C:\xampp\htdocs\siatab\yii\web\CWebApplication.php(142): CWebApplication->runController('site/dashboard')
#15 C:\xampp\htdocs\siatab\yii\base\CApplication.php(162): CWebApplication->processRequest()
#16 C:\xampp\htdocs\siatab\index.php(27): CApplication->run()
#17 {main}
REQUEST_URI=/siatab/site/dashboard
HTTP_REFERER=http://localhost/siatab/sumur/tambah
---
2017/10/25 13:52:14 [error] [system.db.CDbCommand] CDbCommand::fetchAll() gagal: SQLSTATE[42S22]: Column not found: 1054 Unknown column 'Target_Jiwa' in 'field list'. Statement SQL yang dijalankan: SELECT count(id),(Target_Jiwa%PopulasiKabKota),(Jiwa_Terlayani%PolupalisKabKota) FROM t_neraca_air GROUP BY JTOL LIMIT 10.
2017/10/25 13:52:14 [error] [exception.CDbException] exception 'CDbException' with message 'CDbCommand gagal menjalankan statementSQL: SQLSTATE[42S22]: Column not found: 1054 Unknown column 'Target_Jiwa' in 'field list'. The SQL statement executed was: SELECT count(id),(Target_Jiwa%PopulasiKabKota),(Jiwa_Terlayani%PolupalisKabKota) FROM t_neraca_air GROUP BY JTOL LIMIT 10' in C:\xampp\htdocs\siatab\yii\db\CDbCommand.php:528
Stack trace:
#0 C:\xampp\htdocs\siatab\yii\db\CDbCommand.php(390): CDbCommand->queryInternal('fetchAll', Array, Array)
#1 C:\xampp\htdocs\siatab\yii\web\CSqlDataProvider.php(105): CDbCommand->queryAll()
#2 C:\xampp\htdocs\siatab\yii\web\CDataProvider.php(137): CSqlDataProvider->fetchData()
#3 C:\xampp\htdocs\siatab\protected\views\site\dashboard.php(28): CDataProvider->getData()
#4 C:\xampp\htdocs\siatab\yii\web\CBaseController.php(127): require('C:\\xampp\\htdocs...')
#5 C:\xampp\htdocs\siatab\yii\web\CBaseController.php(96): CBaseController->renderInternal('C:\\xampp\\htdocs...', Array, true)
#6 C:\xampp\htdocs\siatab\yii\web\CController.php(870): CBaseController->renderFile('C:\\xampp\\htdocs...', Array, true)
#7 C:\xampp\htdocs\siatab\yii\web\CController.php(783): CController->renderPartial('dashboard', Array, true)
#8 C:\xampp\htdocs\siatab\protected\controllers\SiteController.php(194): CController->render('dashboard', Array)
#9 C:\xampp\htdocs\siatab\yii\web\actions\CInlineAction.php(50): SiteController->actionDashboard()
#10 C:\xampp\htdocs\siatab\yii\web\CController.php(309): CInlineAction->runWithParams(Array)
#11 C:\xampp\htdocs\siatab\yii\web\CController.php(287): CController->runAction(Object(CInlineAction))
#12 C:\xampp\htdocs\siatab\yii\web\CController.php(266): CController->runActionWithFilters(Object(CInlineAction), Array)
#13 C:\xampp\htdocs\siatab\yii\web\CWebApplication.php(283): CController->run('dashboard')
#14 C:\xampp\htdocs\siatab\yii\web\CWebApplication.php(142): CWebApplication->runController('site/dashboard')
#15 C:\xampp\htdocs\siatab\yii\base\CApplication.php(162): CWebApplication->processRequest()
#16 C:\xampp\htdocs\siatab\index.php(27): CApplication->run()
#17 {main}
REQUEST_URI=/siatab/site/dashboard
HTTP_REFERER=http://localhost/siatab/sumur/tambah
---
2017/10/25 13:56:11 [error] [system.db.CDbCommand] CDbCommand::fetchAll() gagal: SQLSTATE[42S22]: Column not found: 1054 Unknown column 'Target_Jiwa' in 'field list'. Statement SQL yang dijalankan: SELECT count(id),Target_Jiwa,Jiwa_Terlayani,PolupalisKabKota FROM t_neraca_air GROUP BY JTOL LIMIT 10.
2017/10/25 13:56:11 [error] [exception.CDbException] exception 'CDbException' with message 'CDbCommand gagal menjalankan statementSQL: SQLSTATE[42S22]: Column not found: 1054 Unknown column 'Target_Jiwa' in 'field list'. The SQL statement executed was: SELECT count(id),Target_Jiwa,Jiwa_Terlayani,PolupalisKabKota FROM t_neraca_air GROUP BY JTOL LIMIT 10' in C:\xampp\htdocs\siatab\yii\db\CDbCommand.php:528
Stack trace:
#0 C:\xampp\htdocs\siatab\yii\db\CDbCommand.php(390): CDbCommand->queryInternal('fetchAll', Array, Array)
#1 C:\xampp\htdocs\siatab\yii\web\CSqlDataProvider.php(105): CDbCommand->queryAll()
#2 C:\xampp\htdocs\siatab\yii\web\CDataProvider.php(137): CSqlDataProvider->fetchData()
#3 C:\xampp\htdocs\siatab\protected\views\site\dashboard.php(28): CDataProvider->getData()
#4 C:\xampp\htdocs\siatab\yii\web\CBaseController.php(127): require('C:\\xampp\\htdocs...')
#5 C:\xampp\htdocs\siatab\yii\web\CBaseController.php(96): CBaseController->renderInternal('C:\\xampp\\htdocs...', Array, true)
#6 C:\xampp\htdocs\siatab\yii\web\CController.php(870): CBaseController->renderFile('C:\\xampp\\htdocs...', Array, true)
#7 C:\xampp\htdocs\siatab\yii\web\CController.php(783): CController->renderPartial('dashboard', Array, true)
#8 C:\xampp\htdocs\siatab\protected\controllers\SiteController.php(194): CController->render('dashboard', Array)
#9 C:\xampp\htdocs\siatab\yii\web\actions\CInlineAction.php(50): SiteController->actionDashboard()
#10 C:\xampp\htdocs\siatab\yii\web\CController.php(309): CInlineAction->runWithParams(Array)
#11 C:\xampp\htdocs\siatab\yii\web\CController.php(287): CController->runAction(Object(CInlineAction))
#12 C:\xampp\htdocs\siatab\yii\web\CController.php(266): CController->runActionWithFilters(Object(CInlineAction), Array)
#13 C:\xampp\htdocs\siatab\yii\web\CWebApplication.php(283): CController->run('dashboard')
#14 C:\xampp\htdocs\siatab\yii\web\CWebApplication.php(142): CWebApplication->runController('site/dashboard')
#15 C:\xampp\htdocs\siatab\yii\base\CApplication.php(162): CWebApplication->processRequest()
#16 C:\xampp\htdocs\siatab\index.php(27): CApplication->run()
#17 {main}
REQUEST_URI=/siatab/site/dashboard
HTTP_REFERER=http://localhost/siatab/sumur/tambah
---
2017/10/25 14:05:24 [error] [system.db.CDbCommand] CDbCommand::fetchAll() gagal: SQLSTATE[42S22]: Column not found: 1054 Unknown column 'Target_Jiwa' in 'field list'. Statement SQL yang dijalankan: SELECT count(id),Target_Jiwa,Jiwa_Terlayani,PolupalisKabKota FROM t_neraca_air GROUP BY JTOL LIMIT 10.
2017/10/25 14:05:24 [error] [exception.CDbException] exception 'CDbException' with message 'CDbCommand gagal menjalankan statementSQL: SQLSTATE[42S22]: Column not found: 1054 Unknown column 'Target_Jiwa' in 'field list'. The SQL statement executed was: SELECT count(id),Target_Jiwa,Jiwa_Terlayani,PolupalisKabKota FROM t_neraca_air GROUP BY JTOL LIMIT 10' in C:\xampp\htdocs\siatab\yii\db\CDbCommand.php:528
Stack trace:
#0 C:\xampp\htdocs\siatab\yii\db\CDbCommand.php(390): CDbCommand->queryInternal('fetchAll', Array, Array)
#1 C:\xampp\htdocs\siatab\yii\web\CSqlDataProvider.php(105): CDbCommand->queryAll()
#2 C:\xampp\htdocs\siatab\yii\web\CDataProvider.php(137): CSqlDataProvider->fetchData()
#3 C:\xampp\htdocs\siatab\protected\views\site\dashboard.php(28): CDataProvider->getData()
#4 C:\xampp\htdocs\siatab\yii\web\CBaseController.php(127): require('C:\\xampp\\htdocs...')
#5 C:\xampp\htdocs\siatab\yii\web\CBaseController.php(96): CBaseController->renderInternal('C:\\xampp\\htdocs...', Array, true)
#6 C:\xampp\htdocs\siatab\yii\web\CController.php(870): CBaseController->renderFile('C:\\xampp\\htdocs...', Array, true)
#7 C:\xampp\htdocs\siatab\yii\web\CController.php(783): CController->renderPartial('dashboard', Array, true)
#8 C:\xampp\htdocs\siatab\protected\controllers\SiteController.php(194): CController->render('dashboard', Array)
#9 C:\xampp\htdocs\siatab\yii\web\actions\CInlineAction.php(50): SiteController->actionDashboard()
#10 C:\xampp\htdocs\siatab\yii\web\CController.php(309): CInlineAction->runWithParams(Array)
#11 C:\xampp\htdocs\siatab\yii\web\CController.php(287): CController->runAction(Object(CInlineAction))
#12 C:\xampp\htdocs\siatab\yii\web\CController.php(266): CController->runActionWithFilters(Object(CInlineAction), Array)
#13 C:\xampp\htdocs\siatab\yii\web\CWebApplication.php(283): CController->run('dashboard')
#14 C:\xampp\htdocs\siatab\yii\web\CWebApplication.php(142): CWebApplication->runController('site/dashboard')
#15 C:\xampp\htdocs\siatab\yii\base\CApplication.php(162): CWebApplication->processRequest()
#16 C:\xampp\htdocs\siatab\index.php(27): CApplication->run()
#17 {main}
REQUEST_URI=/siatab/site/dashboard
HTTP_REFERER=http://localhost/siatab/sumur/tambah
---
